<?xml version="1.0" encoding="UTF-8"?>
<!-- Generated by org.testng.reporters.JUnitXMLReporter -->
<testsuite hostname="DESKTOP-LSU4NFQ" ignored="0" name="Test" tests="10" failures="0" timestamp="02 Jul 2020 08:09:24 GMT" time="0.484" errors="0">
  <testcase name="addition" time="0.052" classname="testngassignment.Testparameters"/>
  <testcase name="inverse" time="0.056" classname="testngassignment.Dataprovider"/>
  <testcase name="mod" time="0.008" classname="testngassignment.Dataprovider"/>
  <testcase name="division" time="0.012" classname="testngassignment.Testparameters"/>
  <testcase name="negate" time="0.032" classname="testngassignment.Dataprovider"/>
  <testcase name="multiplication" time="0.02" classname="testngassignment.Testparameters"/>
  <testcase name="squareRoot" time="0.024" classname="testngassignment.Dataprovider"/>
  <testcase name="sub" time="0.02" classname="testngassignment.Testparameters"/>
  <testcase name="squareRoot" time="0.004" classname="testngassignment.Dataprovider"/>
  <testcase name="squareRoot" time="0.008" classname="testngassignment.Dataprovider"/>
</testsuite> <!-- Test -->
