<?xml version="1.0" encoding="UTF-8"?>
<!-- Generated by org.testng.reporters.JUnitXMLReporter -->
<testsuite hostname="DESKTOP-LSU4NFQ" ignored="3" name="Test" tests="7" failures="0" timestamp="02 Jul 2020 08:20:08 GMT" time="0.412" errors="0">
  <testcase name="mod" time="0.069" classname="testngassignment.Dataprovider"/>
  <testcase name="addition" time="0.076" classname="testngassignment.Testparameters"/>
  <testcase name="multiplication" time="0.016" classname="testngassignment.Testparameters"/>
  <testcase name="sub" time="0.016" classname="testngassignment.Testparameters"/>
  <testcase name="squareRoot" time="0.008" classname="testngassignment.Dataprovider"/>
  <testcase name="squareRoot" time="0.028" classname="testngassignment.Dataprovider"/>
  <testcase name="squareRoot" time="0.004" classname="testngassignment.Dataprovider"/>
  <testcase name="division" time="0.0" classname="testngassignment.Testparameters">
    <ignored/>
  </testcase> <!-- division -->
  <testcase name="inverse" time="0.0" classname="testngassignment.Dataprovider">
    <ignored/>
  </testcase> <!-- inverse -->
  <testcase name="negate" time="0.0" classname="testngassignment.Dataprovider">
    <ignored/>
  </testcase> <!-- negate -->
</testsuite> <!-- Test -->
